<?xml version="1.0" encoding="UTF-8"?>
<!-- Generated by org.testng.reporters.JUnitReportReporter -->
<testsuite hostname="DESKTOP-FMHTC77" failures="0" tests="3" name="com.crm.qa.testcases.HomePageTest" time="85.195" errors="0" timestamp="2022-09-28T20:08:28 IST" skipped="0">
  <testcase classname="com.crm.qa.testcases.HomePageTest" name="verifyHomePageTitleTest" time="26.084"/>
  <system-out/>
  <testcase classname="com.crm.qa.testcases.HomePageTest" name="verifyUserNameTest" time="26.055"/>
  <system-out/>
  <testcase classname="com.crm.qa.testcases.HomePageTest" name="verifyContactsLinkTest" time="33.056"/>
  <system-out/>
</testsuite> <!-- com.crm.qa.testcases.HomePageTest -->
